Using pre-set license
Built from '2021.1/staging' branch; Version is '2021.1.9f1 (7a790e367ab3) revision 8026382'; Using compiler version '192528614'; Build Type 'Release'
OS: 'Windows 10 Home; OS build 19043.1165; Version 2009; 64bit' Language: 'en' Physical Memory: 16224 MB
BatchMode: 1, IsHumanControllingUs: 0, StartBugReporterOnCrash: 0, Is64bit: 1, IsPro: 0

 COMMAND LINE ARGUMENTS:
D:\unity_Version\2021.1.9f1\Editor\Unity.exe
-adb2
-batchMode
-noUpm
-name
AssetImportWorker0
-projectPath
D:/trapped/Trapped-Game-Orient/Trapped (Orient)
-logFile
Logs/AssetImportWorker0.log
-srvPort
54486
Successfully changed project path to: D:/trapped/Trapped-Game-Orient/Trapped (Orient)
D:/trapped/Trapped-Game-Orient/Trapped (Orient)
Using Asset Import Pipeline V2.
Refreshing native plugins compatible for Editor in 145.97 ms, found 4 plugins.
Preloading 0 native plugins for Editor in 0.00 ms.
Initialize engine version: 2021.1.9f1 (7a790e367ab3)
[Subsystems] Discovering subsystems at path D:/unity_Version/2021.1.9f1/Editor/Data/Resources/UnitySubsystems
[Subsystems] Discovering subsystems at path D:/trapped/Trapped-Game-Orient/Trapped (Orient)/Assets
GfxDevice: creating device client; threaded=0; jobified=0
Direct3D:
    Version:  Direct3D 11.0 [level 11.1]
    Renderer: NVIDIA GeForce GTX 1060 (ID=0x1c20)
    Vendor:   NVIDIA
    VRAM:     6052 MB
    Driver:   30.0.14.7168
Initialize mono
Mono path[0] = 'D:/unity_Version/2021.1.9f1/Editor/Data/Managed'
Mono path[1] = 'D:/unity_Version/2021.1.9f1/Editor/Data/MonoBleedingEdge/lib/mono/unityjit'
Mono config path = 'D:/unity_Version/2021.1.9f1/Editor/Data/MonoBleedingEdge/etc'
Using monoOptions --debugger-agent=transport=dt_socket,embedding=1,server=y,suspend=n,address=127.0.0.1:56852
Begin MonoManager ReloadAssembly
Registering precompiled unity dll's ...
Register platform support module: D:/unity_Version/2021.1.9f1/Editor/Data/PlaybackEngines/WindowsStandaloneSupport/UnityEditor.WindowsStandalone.Extensions.dll
Registered in 0.001608 seconds.
Native extension for WindowsStandalone target not found
Refreshing native plugins compatible for Editor in 162.16 ms, found 4 plugins.
Preloading 0 native plugins for Editor in 0.00 ms.
Mono: successfully reloaded assembly
- Completed reload, in  1.547 seconds
Domain Reload Profiling:
	ReloadAssembly (1547ms)
		BeginReloadAssembly (79ms)
			ExecutionOrderSort (0ms)
			DisableScriptedObjects (0ms)
			BackupInstance (0ms)
			ReleaseScriptingObjects (0ms)
			CreateAndSetChildDomain (1ms)
		EndReloadAssembly (706ms)
			LoadAssemblies (77ms)
			RebuildTransferFunctionScriptingTraits (0ms)
			SetupTypeCache (310ms)
			ReleaseScriptCaches (0ms)
			RebuildScriptCaches (34ms)
			SetupLoadedEditorAssemblies (306ms)
				LogAssemblyErrors (0ms)
				InitializePlatformSupportModulesInManaged (6ms)
				SetLoadedEditorAssemblies (0ms)
				RefreshPlugins (162ms)
				BeforeProcessingInitializeOnLoad (1ms)
				ProcessInitializeOnLoadAttributes (103ms)
				ProcessInitializeOnLoadMethodAttributes (33ms)
				AfterProcessingInitializeOnLoad (0ms)
				EditorAssembliesLoaded (0ms)
			ExecutionOrderSort2 (0ms)
			AwakeInstancesAfterBackupRestoration (0ms)
Platform modules already initialized, skipping
Registering precompiled user dll's ...
Registered in 0.004355 seconds.
Begin MonoManager ReloadAssembly
Symbol file LoadedFromMemory doesn't match image D:\trapped\Trapped-Game-Orient\Trapped (Orient)\Library\PackageCache\com.unity.visualscripting@1.6.1\Editor\VisualScripting.Core\Dependencies\YamlDotNet\Unity.VisualScripting.YamlDotNet.dll
Symbol file LoadedFromMemory doesn't match image D:\trapped\Trapped-Game-Orient\Trapped (Orient)\Library\PackageCache\com.unity.visualscripting@1.6.1\Editor\VisualScripting.Core\Dependencies\DotNetZip\Unity.VisualScripting.IonicZip.dll
Native extension for WindowsStandalone target not found
Refreshing native plugins compatible for Editor in 117.80 ms, found 4 plugins.
Preloading 0 native plugins for Editor in 0.00 ms.
Mono: successfully reloaded assembly
- Completed reload, in  1.410 seconds
Domain Reload Profiling:
	ReloadAssembly (1411ms)
		BeginReloadAssembly (149ms)
			ExecutionOrderSort (0ms)
			DisableScriptedObjects (6ms)
			BackupInstance (0ms)
			ReleaseScriptingObjects (0ms)
			CreateAndSetChildDomain (21ms)
		EndReloadAssembly (1205ms)
			LoadAssemblies (93ms)
			RebuildTransferFunctionScriptingTraits (0ms)
			SetupTypeCache (408ms)
			ReleaseScriptCaches (1ms)
			RebuildScriptCaches (57ms)
			SetupLoadedEditorAssemblies (541ms)
				LogAssemblyErrors (0ms)
				InitializePlatformSupportModulesInManaged (4ms)
				SetLoadedEditorAssemblies (0ms)
				RefreshPlugins (118ms)
				BeforeProcessingInitializeOnLoad (117ms)
				ProcessInitializeOnLoadAttributes (284ms)
				ProcessInitializeOnLoadMethodAttributes (17ms)
				AfterProcessingInitializeOnLoad (2ms)
				EditorAssembliesLoaded (0ms)
			ExecutionOrderSort2 (0ms)
			AwakeInstancesAfterBackupRestoration (7ms)
Platform modules already initialized, skipping
========================================================================
Worker process is ready to serve import requests
Launched and connected shader compiler UnityShaderCompiler.exe after 0.06 seconds
Refreshing native plugins compatible for Editor in 0.94 ms, found 4 plugins.
Preloading 0 native plugins for Editor in 0.00 ms.
Unloading 3973 Unused Serialized files (Serialized files now loaded: 0)
System memory in use before: 147.9 MB.
System memory in use after: 148.1 MB.

Unloading 34 unused Assets to reduce memory usage. Loaded Objects now: 4426.
Total: 2.958300 ms (FindLiveObjects: 0.285900 ms CreateObjectMapping: 0.158300 ms MarkObjects: 2.455200 ms  DeleteObjects: 0.058000 ms)

AssetImportParameters requested are different than current active one (requested -> active):
  custom:framework-win-MediaFoundation: 216162199b28c13a410421893ffa2e32 -> 
  custom:video-decoder-ogg-theora: a1e56fd34408186e4bbccfd4996cb3dc -> 
  custom:container-muxer-webm: aa71ff27fc2769a1b78a27578f13a17b -> 
  custom:container-demuxer-webm: 4f35f7cbe854078d1ac9338744f61a02 -> 
  custom:container-demuxer-ogg: 62fdf1f143b41e24485cea50d1cbac27 -> 
  custom:video-encoder-webm-vp8: eb34c28f22e8b96e1ab97ce403110664 -> 
  custom:video-decoder-webm-vp8: 9c59270c3fd7afecdb556c50c9e8de78 -> 
  custom:audio-decoder-ogg-vorbis: bf7c407c2cedff20999df2af8eb42d56 -> 
  custom:audio-encoder-webm-vorbis: bf7c407c2cedff20999df2af8eb42d56 -> 
========================================================================
Received Import Request.
  path: Assets/Assets/Tilemap/Border_Fences.png
  artifactKey: Guid(ab342f36f11b7384ea9d1117419c45b7) Importer(815301076,1909f56bfc062723c751e8b465ee728b)
Start importing Assets/Assets/Tilemap/Border_Fences.png using Guid(ab342f36f11b7384ea9d1117419c45b7) Importer(815301076,1909f56bfc062723c751e8b465ee728b)  -> (artifact id: '71af86e3a909d3664f8e0d78879acbea') in 0.218503 seconds 
========================================================================
Received Import Request.
  Time since last request: 9.762727 seconds.
  path: Assets/Assets/Tilemap/Border_Fences.png
  artifactKey: Guid(ab342f36f11b7384ea9d1117419c45b7) Importer(815301076,1909f56bfc062723c751e8b465ee728b)
Start importing Assets/Assets/Tilemap/Border_Fences.png using Guid(ab342f36f11b7384ea9d1117419c45b7) Importer(815301076,1909f56bfc062723c751e8b465ee728b)  -> (artifact id: '27b1b8ca276f10bea970559f1253aa60') in 0.008889 seconds 
========================================================================
Received Import Request.
  Time since last request: 54.214210 seconds.
  path: Assets/Assets/Tilemap/Border_Fences.png
  artifactKey: Guid(ab342f36f11b7384ea9d1117419c45b7) Importer(815301076,1909f56bfc062723c751e8b465ee728b)
Start importing Assets/Assets/Tilemap/Border_Fences.png using Guid(ab342f36f11b7384ea9d1117419c45b7) Importer(815301076,1909f56bfc062723c751e8b465ee728b)  -> (artifact id: '00fd0a32345cf0fe4402ece6470cc666') in 0.021367 seconds 
========================================================================
Received Import Request.
  Time since last request: 8.991544 seconds.
  path: Assets/Assets/Tilemap/Border_Fences.png
  artifactKey: Guid(ab342f36f11b7384ea9d1117419c45b7) Importer(815301076,1909f56bfc062723c751e8b465ee728b)
Start importing Assets/Assets/Tilemap/Border_Fences.png using Guid(ab342f36f11b7384ea9d1117419c45b7) Importer(815301076,1909f56bfc062723c751e8b465ee728b)  -> (artifact id: '6947c3920855ab484c7781d9e55ffc56') in 0.005069 seconds 
========================================================================
Received Import Request.
  Time since last request: 32.697532 seconds.
  path: Assets/Assets/Tilemap/Border_Fences.png
  artifactKey: Guid(ab342f36f11b7384ea9d1117419c45b7) Importer(815301076,1909f56bfc062723c751e8b465ee728b)
Start importing Assets/Assets/Tilemap/Border_Fences.png using Guid(ab342f36f11b7384ea9d1117419c45b7) Importer(815301076,1909f56bfc062723c751e8b465ee728b)  -> (artifact id: 'baefe8061c2809bda4601d7e149779a3') in 0.052398 seconds 
========================================================================
Received Import Request.
  Time since last request: 292.856487 seconds.
  path: Assets/Assets/Tilemap/Exit_BOrder_Fence_Left.png
  artifactKey: Guid(9a3bd3b6d7cc1904bb26d8bfcbba3a91) Importer(815301076,1909f56bfc062723c751e8b465ee728b)
Start importing Assets/Assets/Tilemap/Exit_BOrder_Fence_Left.png using Guid(9a3bd3b6d7cc1904bb26d8bfcbba3a91) Importer(815301076,1909f56bfc062723c751e8b465ee728b)  -> (artifact id: '6f2ba9e3a9fbcc4e68d3be3365a9baa7') in 0.008016 seconds 
========================================================================
Received Import Request.
  Time since last request: 8.340322 seconds.
  path: Assets/Assets/Tilemap/Exit_BOrder_Fence_Left.png
  artifactKey: Guid(9a3bd3b6d7cc1904bb26d8bfcbba3a91) Importer(815301076,1909f56bfc062723c751e8b465ee728b)
Start importing Assets/Assets/Tilemap/Exit_BOrder_Fence_Left.png using Guid(9a3bd3b6d7cc1904bb26d8bfcbba3a91) Importer(815301076,1909f56bfc062723c751e8b465ee728b)  -> (artifact id: '3f00d91050ac858ed48e32c58e177f72') in 0.006904 seconds 
========================================================================
Received Import Request.
  Time since last request: 10.639925 seconds.
  path: Assets/Assets/Tilemap/Exit_BOrder_Fence_Left.png
  artifactKey: Guid(9a3bd3b6d7cc1904bb26d8bfcbba3a91) Importer(815301076,1909f56bfc062723c751e8b465ee728b)
Start importing Assets/Assets/Tilemap/Exit_BOrder_Fence_Left.png using Guid(9a3bd3b6d7cc1904bb26d8bfcbba3a91) Importer(815301076,1909f56bfc062723c751e8b465ee728b)  -> (artifact id: '62a8b2dbcab8590d071a2e5d79eaed63') in 0.006711 seconds 
========================================================================
Received Import Request.
  Time since last request: 16.280783 seconds.
  path: Assets/Assets/Tilemap/Border_Fences.png
  artifactKey: Guid(ab342f36f11b7384ea9d1117419c45b7) Importer(815301076,1909f56bfc062723c751e8b465ee728b)
Start importing Assets/Assets/Tilemap/Border_Fences.png using Guid(ab342f36f11b7384ea9d1117419c45b7) Importer(815301076,1909f56bfc062723c751e8b465ee728b)  -> (artifact id: 'fe99b1c01245e617853526021255aa34') in 0.033036 seconds 
========================================================================
Received Import Request.
  Time since last request: 246.615417 seconds.
  path: Assets/Assets/Tilemap/Border_Gate_Closed.png
  artifactKey: Guid(582caf371a4b4a14b8732e916fbcc6e6) Importer(815301076,1909f56bfc062723c751e8b465ee728b)
Start importing Assets/Assets/Tilemap/Border_Gate_Closed.png using Guid(582caf371a4b4a14b8732e916fbcc6e6) Importer(815301076,1909f56bfc062723c751e8b465ee728b)  -> (artifact id: '6fc8c0459591d9558b9edb2089d11c6a') in 0.104775 seconds 
========================================================================
Received Import Request.
  Time since last request: 5.868260 seconds.
  path: Assets/Assets/Tilemap/Border_Gate_Closed.png
  artifactKey: Guid(582caf371a4b4a14b8732e916fbcc6e6) Importer(815301076,1909f56bfc062723c751e8b465ee728b)
Start importing Assets/Assets/Tilemap/Border_Gate_Closed.png using Guid(582caf371a4b4a14b8732e916fbcc6e6) Importer(815301076,1909f56bfc062723c751e8b465ee728b)  -> (artifact id: '6aac6dd477504b047e6255cad0a71626') in 0.021756 seconds 
========================================================================
Received Import Request.
  Time since last request: 17.050215 seconds.
  path: Assets/Assets/Tilemap/Border_Gate_Closed.png
  artifactKey: Guid(582caf371a4b4a14b8732e916fbcc6e6) Importer(815301076,1909f56bfc062723c751e8b465ee728b)
Start importing Assets/Assets/Tilemap/Border_Gate_Closed.png using Guid(582caf371a4b4a14b8732e916fbcc6e6) Importer(815301076,1909f56bfc062723c751e8b465ee728b)  -> (artifact id: 'a16c35cb3a14c3589d9421e0a81fbcc6') in 0.006025 seconds 
========================================================================
Received Import Request.
  Time since last request: 15.150985 seconds.
  path: Assets/Assets/Tilemap/Border_Gate_Closed.png
  artifactKey: Guid(582caf371a4b4a14b8732e916fbcc6e6) Importer(815301076,1909f56bfc062723c751e8b465ee728b)
Start importing Assets/Assets/Tilemap/Border_Gate_Closed.png using Guid(582caf371a4b4a14b8732e916fbcc6e6) Importer(815301076,1909f56bfc062723c751e8b465ee728b)  -> (artifact id: '236c219257b8221b55a0bb8e39e5b66d') in 0.017995 seconds 
========================================================================
Received Import Request.
  Time since last request: 124.171204 seconds.
  path: Assets/Assets/Tilemap/Border_Gate_Closed.png
  artifactKey: Guid(582caf371a4b4a14b8732e916fbcc6e6) Importer(815301076,1909f56bfc062723c751e8b465ee728b)
Start importing Assets/Assets/Tilemap/Border_Gate_Closed.png using Guid(582caf371a4b4a14b8732e916fbcc6e6) Importer(815301076,1909f56bfc062723c751e8b465ee728b)  -> (artifact id: '5080e0764fbb8d597bc64ba38af56be8') in 0.011106 seconds 
========================================================================
Received Import Request.
  Time since last request: 39.688350 seconds.
  path: Assets/Assets/Tilemap/Border_Gate_Closed.png
  artifactKey: Guid(582caf371a4b4a14b8732e916fbcc6e6) Importer(815301076,1909f56bfc062723c751e8b465ee728b)
Start importing Assets/Assets/Tilemap/Border_Gate_Closed.png using Guid(582caf371a4b4a14b8732e916fbcc6e6) Importer(815301076,1909f56bfc062723c751e8b465ee728b)  -> (artifact id: 'd9079e24bbf3d2aade7bfb9fa0aa90bb') in 0.008144 seconds 
========================================================================
Received Import Request.
  Time since last request: 136.094254 seconds.
  path: Assets/Assets/Tilemap/Border_Gate_Closed.png
  artifactKey: Guid(582caf371a4b4a14b8732e916fbcc6e6) Importer(815301076,1909f56bfc062723c751e8b465ee728b)
Start importing Assets/Assets/Tilemap/Border_Gate_Closed.png using Guid(582caf371a4b4a14b8732e916fbcc6e6) Importer(815301076,1909f56bfc062723c751e8b465ee728b)  -> (artifact id: 'bc14eaafe542794e3c5b8f729110a4e8') in 0.012512 seconds 
========================================================================
Received Import Request.
  Time since last request: 14.390069 seconds.
  path: Assets/Assets/Tilemap/Border_Gate_Closed.png
  artifactKey: Guid(582caf371a4b4a14b8732e916fbcc6e6) Importer(815301076,1909f56bfc062723c751e8b465ee728b)
Start importing Assets/Assets/Tilemap/Border_Gate_Closed.png using Guid(582caf371a4b4a14b8732e916fbcc6e6) Importer(815301076,1909f56bfc062723c751e8b465ee728b)  -> (artifact id: '0ddca528b45027034d4cbf8903ddd3ac') in 0.004965 seconds 
========================================================================
Received Import Request.
  Time since last request: 1.908424 seconds.
  path: Assets/Assets/Tilemap/Border_Gate_Closed.png
  artifactKey: Guid(582caf371a4b4a14b8732e916fbcc6e6) Importer(815301076,1909f56bfc062723c751e8b465ee728b)
Start importing Assets/Assets/Tilemap/Border_Gate_Closed.png using Guid(582caf371a4b4a14b8732e916fbcc6e6) Importer(815301076,1909f56bfc062723c751e8b465ee728b)  -> (artifact id: '8808ce27d2d552e1e5871d5625672e6c') in 0.007659 seconds 
========================================================================
Received Import Request.
  Time since last request: 18.657186 seconds.
  path: Assets/Assets/Tilemap/Border_Gate_Closed.png
  artifactKey: Guid(582caf371a4b4a14b8732e916fbcc6e6) Importer(815301076,1909f56bfc062723c751e8b465ee728b)
Start importing Assets/Assets/Tilemap/Border_Gate_Closed.png using Guid(582caf371a4b4a14b8732e916fbcc6e6) Importer(815301076,1909f56bfc062723c751e8b465ee728b)  -> (artifact id: '9b79bf5d4221793e149bf95ad9a45140') in 0.049612 seconds 
========================================================================
Received Import Request.
  Time since last request: 288.827405 seconds.
  path: Assets/Assets/Tilemap/Border_Gate_Closed 1.png
  artifactKey: Guid(30167ac476dd0b94388293ebd9ae49c9) Importer(815301076,1909f56bfc062723c751e8b465ee728b)
Start importing Assets/Assets/Tilemap/Border_Gate_Closed 1.png using Guid(30167ac476dd0b94388293ebd9ae49c9) Importer(815301076,1909f56bfc062723c751e8b465ee728b)  -> (artifact id: 'c4aee7dca9c96c7b707e383bce6936fe') in 0.007826 seconds 
========================================================================
Received Import Request.
  Time since last request: 14.886174 seconds.
  path: Assets/Assets/Tilemap/Border_Gate_Closed.png
  artifactKey: Guid(582caf371a4b4a14b8732e916fbcc6e6) Importer(815301076,1909f56bfc062723c751e8b465ee728b)
Start importing Assets/Assets/Tilemap/Border_Gate_Closed.png using Guid(582caf371a4b4a14b8732e916fbcc6e6) Importer(815301076,1909f56bfc062723c751e8b465ee728b)  -> (artifact id: 'b6119bfa39b7029b31eaef9607814164') in 0.009294 seconds 
========================================================================
Received Import Request.
  Time since last request: 15.084708 seconds.
  path: Assets/Assets/Tilemap/Border_Gate_Closed.png
  artifactKey: Guid(582caf371a4b4a14b8732e916fbcc6e6) Importer(815301076,1909f56bfc062723c751e8b465ee728b)
Start importing Assets/Assets/Tilemap/Border_Gate_Closed.png using Guid(582caf371a4b4a14b8732e916fbcc6e6) Importer(815301076,1909f56bfc062723c751e8b465ee728b)  -> (artifact id: 'ec84bc3f7aa2059b7478d4b4c2a2bc5c') in 0.004793 seconds 
========================================================================
Received Import Request.
  Time since last request: 9.008357 seconds.
  path: Assets/Assets/Tilemap/Border_Gate_Closed.png
  artifactKey: Guid(582caf371a4b4a14b8732e916fbcc6e6) Importer(815301076,1909f56bfc062723c751e8b465ee728b)
Start importing Assets/Assets/Tilemap/Border_Gate_Closed.png using Guid(582caf371a4b4a14b8732e916fbcc6e6) Importer(815301076,1909f56bfc062723c751e8b465ee728b)  -> (artifact id: '962271cec133ff1223e3131a6b334bc5') in 0.025941 seconds 
========================================================================
Received Prepare
Registering precompiled user dll's ...
Registered in 0.004864 seconds.
Begin MonoManager ReloadAssembly
Symbol file LoadedFromMemory doesn't match image D:\trapped\Trapped-Game-Orient\Trapped (Orient)\Library\PackageCache\com.unity.visualscripting@1.6.1\Editor\VisualScripting.Core\Dependencies\YamlDotNet\Unity.VisualScripting.YamlDotNet.dll
Symbol file LoadedFromMemory doesn't match image D:\trapped\Trapped-Game-Orient\Trapped (Orient)\Library\PackageCache\com.unity.visualscripting@1.6.1\Editor\VisualScripting.Core\Dependencies\DotNetZip\Unity.VisualScripting.IonicZip.dll
Native extension for WindowsStandalone target not found
Refreshing native plugins compatible for Editor in 1.08 ms, found 4 plugins.
Preloading 0 native plugins for Editor in 0.00 ms.
Mono: successfully reloaded assembly
- Completed reload, in  1.537 seconds
Domain Reload Profiling:
	ReloadAssembly (1537ms)
		BeginReloadAssembly (149ms)
			ExecutionOrderSort (0ms)
			DisableScriptedObjects (8ms)
			BackupInstance (0ms)
			ReleaseScriptingObjects (0ms)
			CreateAndSetChildDomain (50ms)
		EndReloadAssembly (1297ms)
			LoadAssemblies (144ms)
			RebuildTransferFunctionScriptingTraits (0ms)
			SetupTypeCache (510ms)
			ReleaseScriptCaches (1ms)
			RebuildScriptCaches (53ms)
			SetupLoadedEditorAssemblies (413ms)
				LogAssemblyErrors (0ms)
				InitializePlatformSupportModulesInManaged (10ms)
				SetLoadedEditorAssemblies (1ms)
				RefreshPlugins (1ms)
				BeforeProcessingInitializeOnLoad (77ms)
				ProcessInitializeOnLoadAttributes (311ms)
				ProcessInitializeOnLoadMethodAttributes (11ms)
				AfterProcessingInitializeOnLoad (2ms)
				EditorAssembliesLoaded (0ms)
			ExecutionOrderSort2 (0ms)
			AwakeInstancesAfterBackupRestoration (19ms)
Platform modules already initialized, skipping
Refreshing native plugins compatible for Editor in 0.91 ms, found 4 plugins.
Preloading 0 native plugins for Editor in 0.00 ms.
Unloading 3965 Unused Serialized files (Serialized files now loaded: 0)
System memory in use before: 161.0 MB.
System memory in use after: 161.3 MB.

Unloading 20 unused Assets to reduce memory usage. Loaded Objects now: 4769.
Total: 3.090800 ms (FindLiveObjects: 0.313900 ms CreateObjectMapping: 0.200800 ms MarkObjects: 2.549000 ms  DeleteObjects: 0.026100 ms)

AssetImportParameters requested are different than current active one (requested -> active):
  custom:framework-win-MediaFoundation: 216162199b28c13a410421893ffa2e32 -> 
  custom:video-decoder-ogg-theora: a1e56fd34408186e4bbccfd4996cb3dc -> 
  custom:container-muxer-webm: aa71ff27fc2769a1b78a27578f13a17b -> 
  custom:container-demuxer-webm: 4f35f7cbe854078d1ac9338744f61a02 -> 
  custom:container-demuxer-ogg: 62fdf1f143b41e24485cea50d1cbac27 -> 
  custom:video-encoder-webm-vp8: eb34c28f22e8b96e1ab97ce403110664 -> 
  custom:video-decoder-webm-vp8: 9c59270c3fd7afecdb556c50c9e8de78 -> 
  custom:audio-decoder-ogg-vorbis: bf7c407c2cedff20999df2af8eb42d56 -> 
  custom:audio-encoder-webm-vorbis: bf7c407c2cedff20999df2af8eb42d56 -> 
========================================================================
Received Prepare
Registering precompiled user dll's ...
Registered in 0.003817 seconds.
Begin MonoManager ReloadAssembly
Symbol file LoadedFromMemory doesn't match image D:\trapped\Trapped-Game-Orient\Trapped (Orient)\Library\PackageCache\com.unity.visualscripting@1.6.1\Editor\VisualScripting.Core\Dependencies\YamlDotNet\Unity.VisualScripting.YamlDotNet.dll
Symbol file LoadedFromMemory doesn't match image D:\trapped\Trapped-Game-Orient\Trapped (Orient)\Library\PackageCache\com.unity.visualscripting@1.6.1\Editor\VisualScripting.Core\Dependencies\DotNetZip\Unity.VisualScripting.IonicZip.dll
Native extension for WindowsStandalone target not found
Refreshing native plugins compatible for Editor in 0.86 ms, found 4 plugins.
Preloading 0 native plugins for Editor in 0.00 ms.
Mono: successfully reloaded assembly
- Completed reload, in  1.267 seconds
Domain Reload Profiling:
	ReloadAssembly (1267ms)
		BeginReloadAssembly (131ms)
			ExecutionOrderSort (0ms)
			DisableScriptedObjects (10ms)
			BackupInstance (0ms)
			ReleaseScriptingObjects (0ms)
			CreateAndSetChildDomain (44ms)
		EndReloadAssembly (1077ms)
			LoadAssemblies (88ms)
			RebuildTransferFunctionScriptingTraits (0ms)
			SetupTypeCache (440ms)
			ReleaseScriptCaches (1ms)
			RebuildScriptCaches (49ms)
			SetupLoadedEditorAssemblies (365ms)
				LogAssemblyErrors (0ms)
				InitializePlatformSupportModulesInManaged (4ms)
				SetLoadedEditorAssemblies (0ms)
				RefreshPlugins (1ms)
				BeforeProcessingInitializeOnLoad (64ms)
				ProcessInitializeOnLoadAttributes (281ms)
				ProcessInitializeOnLoadMethodAttributes (10ms)
				AfterProcessingInitializeOnLoad (3ms)
				EditorAssembliesLoaded (0ms)
			ExecutionOrderSort2 (0ms)
			AwakeInstancesAfterBackupRestoration (18ms)
Platform modules already initialized, skipping
Refreshing native plugins compatible for Editor in 0.82 ms, found 4 plugins.
Preloading 0 native plugins for Editor in 0.00 ms.
Unloading 3962 Unused Serialized files (Serialized files now loaded: 0)
System memory in use before: 160.9 MB.
System memory in use after: 161.2 MB.

Unloading 20 unused Assets to reduce memory usage. Loaded Objects now: 4773.
Total: 3.145500 ms (FindLiveObjects: 0.308900 ms CreateObjectMapping: 0.178100 ms MarkObjects: 2.635000 ms  DeleteObjects: 0.022900 ms)

AssetImportParameters requested are different than current active one (requested -> active):
  custom:framework-win-MediaFoundation: 216162199b28c13a410421893ffa2e32 -> 
  custom:video-decoder-ogg-theora: a1e56fd34408186e4bbccfd4996cb3dc -> 
  custom:container-muxer-webm: aa71ff27fc2769a1b78a27578f13a17b -> 
  custom:container-demuxer-webm: 4f35f7cbe854078d1ac9338744f61a02 -> 
  custom:container-demuxer-ogg: 62fdf1f143b41e24485cea50d1cbac27 -> 
  custom:video-encoder-webm-vp8: eb34c28f22e8b96e1ab97ce403110664 -> 
  custom:video-decoder-webm-vp8: 9c59270c3fd7afecdb556c50c9e8de78 -> 
  custom:audio-decoder-ogg-vorbis: bf7c407c2cedff20999df2af8eb42d56 -> 
  custom:audio-encoder-webm-vorbis: bf7c407c2cedff20999df2af8eb42d56 -> 
